2023-04-26 15:24:24.092  INFO 15856 --- [restartedMain] bank.project.dao.DaoApplication          : Starting DaoApplication using Java 1.8.0_292 on WPG02VBF6 with PID 15856 (C:\DLTE-FULL-STACK-DEVELOPMENT\FINAL_INTERNSHIP\backend\dao\target\classes started by xxbssssa in C:\DLTE-FULL-STACK-DEVELOPMENT\FINAL_INTERNSHIP\backend\dao)
2023-04-26 15:24:24.101  INFO 15856 --- [restartedMain] bank.project.dao.DaoApplication          : No active profile set, falling back to 1 default profile: "default"
2023-04-26 15:24:24.158  INFO 15856 --- [restartedMain] o.s.b.devtools.restart.ChangeableUrls    : The Class-Path manifest attribute in C:\Users\xxbssssa\.m2\repository\com\oracle\database\jdbc\ojdbc8\21.5.0.0\ojdbc8-21.5.0.0.jar referenced one or more files that do not exist: file:/C:/Users/xxbssssa/.m2/repository/com/oracle/database/jdbc/ojdbc8/21.5.0.0/oraclepki.jar
2023-04-26 15:24:24.158  INFO 15856 --- [restartedMain] .e.DevToolsPropertyDefaultsPostProcessor : Devtools property defaults active! Set 'spring.devtools.add-properties' to 'false' to disable
2023-04-26 15:24:24.158  INFO 15856 --- [restartedMain] .e.DevToolsPropertyDefaultsPostProcessor : For additional web related logging consider setting the 'logging.level.web' property to 'DEBUG'
2023-04-26 15:24:24.708  INFO 15856 --- [restartedMain] .s.d.r.c.RepositoryConfigurationDelegate : Bootstrapping Spring Data JDBC repositories in DEFAULT mode.
2023-04-26 15:24:24.722  INFO 15856 --- [restartedMain] .s.d.r.c.RepositoryConfigurationDelegate : Finished Spring Data repository scanning in 8 ms. Found 0 JDBC repository interfaces.
2023-04-26 15:24:25.198  INFO 15856 --- [restartedMain] o.s.b.w.embedded.tomcat.TomcatWebServer  : Tomcat initialized with port(s): 8082 (http)
2023-04-26 15:24:25.204  INFO 15856 --- [restartedMain] o.apache.catalina.core.StandardService   : Starting service [Tomcat]
2023-04-26 15:24:25.205  INFO 15856 --- [restartedMain] org.apache.catalina.core.StandardEngine  : Starting Servlet engine: [Apache Tomcat/9.0.73]
2023-04-26 15:24:25.272  INFO 15856 --- [restartedMain] o.a.c.c.C.[Tomcat].[localhost].[/]       : Initializing Spring embedded WebApplicationContext
2023-04-26 15:24:25.272  INFO 15856 --- [restartedMain] w.s.c.ServletWebServerApplicationContext : Root WebApplicationContext: initialization completed in 1113 ms
2023-04-26 15:24:25.677  INFO 15856 --- [restartedMain] com.zaxxer.hikari.HikariDataSource       : HikariPool-1 - Starting...
2023-04-26 15:24:25.679  WARN 15856 --- [restartedMain] com.zaxxer.hikari.util.DriverDataSource  : Registered driver with driverClassName=oracle.jdbc.driver.OracleDriver was not found, trying direct instantiation.
2023-04-26 15:24:25.948  INFO 15856 --- [restartedMain] com.zaxxer.hikari.HikariDataSource       : HikariPool-1 - Start completed.
2023-04-26 15:24:26.222  INFO 15856 --- [restartedMain] o.s.s.web.DefaultSecurityFilterChain     : Will secure any request with [org.springframework.security.web.session.DisableEncodeUrlFilter@5dac65b9, org.springframework.security.web.context.request.async.WebAsyncManagerIntegrationFilter@1f9a0b32, org.springframework.security.web.context.SecurityContextPersistenceFilter@1f639a2e, org.springframework.security.web.header.HeaderWriterFilter@3f212190, org.springframework.security.web.csrf.CsrfFilter@22b06674, org.springframework.security.web.authentication.logout.LogoutFilter@50105290, org.springframework.security.web.authentication.UsernamePasswordAuthenticationFilter@3c18c5c4, org.springframework.security.web.authentication.ui.DefaultLoginPageGeneratingFilter@68a69809, org.springframework.security.web.authentication.ui.DefaultLogoutPageGeneratingFilter@512fcd92, org.springframework.security.web.authentication.www.BasicAuthenticationFilter@2ec7ef7c, org.springframework.security.web.savedrequest.RequestCacheAwareFilter@69ea8a1e, org.springframework.security.web.servletapi.SecurityContextHolderAwareRequestFilter@3d33dc8, org.springframework.security.web.authentication.AnonymousAuthenticationFilter@63dc5a7c, org.springframework.security.web.session.SessionManagementFilter@1dc0206a, org.springframework.security.web.access.ExceptionTranslationFilter@1facd350, org.springframework.security.web.access.intercept.FilterSecurityInterceptor@1be70177]
2023-04-26 15:24:26.256  WARN 15856 --- [restartedMain] o.s.b.d.a.OptionalLiveReloadServer       : Unable to start LiveReload server
2023-04-26 15:24:26.277  WARN 15856 --- [restartedMain] ConfigServletWebServerApplicationContext : Exception encountered during context initialization - cancelling refresh attempt: org.springframework.context.ApplicationContextException: Failed to start bean 'webServerStartStop'; nested exception is org.springframework.boot.web.server.PortInUseException: Port 8082 is already in use
2023-04-26 15:24:26.280  INFO 15856 --- [restartedMain] com.zaxxer.hikari.HikariDataSource       : HikariPool-1 - Shutdown initiated...
2023-04-26 15:24:26.304  INFO 15856 --- [restartedMain] com.zaxxer.hikari.HikariDataSource       : HikariPool-1 - Shutdown completed.
2023-04-26 15:24:26.307  INFO 15856 --- [restartedMain] o.apache.catalina.core.StandardService   : Stopping service [Tomcat]
2023-04-26 15:24:26.321  INFO 15856 --- [restartedMain] ConditionEvaluationReportLoggingListener : 

Error starting ApplicationContext. To display the conditions report re-run your application with 'debug' enabled.
2023-04-26 15:24:26.347 ERROR 15856 --- [restartedMain] o.s.b.d.LoggingFailureAnalysisReporter   : 

***************************
APPLICATION FAILED TO START
***************************

Description:

Web server failed to start. Port 8082 was already in use.

Action:

Identify and stop the process that's listening on port 8082 or configure this application to listen on another port.

2023-04-26 15:25:14.284  INFO 13924 --- [main] gOracleJdbcTemplateSlf4jApplicationTests : Starting SpringOracleJdbcTemplateSlf4jApplicationTests using Java 1.8.0_292 on WPG02VBF6 with PID 13924 (started by xxbssssa in C:\DLTE-FULL-STACK-DEVELOPMENT\FINAL_INTERNSHIP\backend\dao)
2023-04-26 15:25:14.285  INFO 13924 --- [main] gOracleJdbcTemplateSlf4jApplicationTests : No active profile set, falling back to 1 default profile: "default"
2023-04-26 15:25:14.845  INFO 13924 --- [main] .s.d.r.c.RepositoryConfigurationDelegate : Bootstrapping Spring Data JDBC repositories in DEFAULT mode.
2023-04-26 15:25:14.860  INFO 13924 --- [main] .s.d.r.c.RepositoryConfigurationDelegate : Finished Spring Data repository scanning in 8 ms. Found 0 JDBC repository interfaces.
2023-04-26 15:25:16.160  INFO 13924 --- [main] com.zaxxer.hikari.HikariDataSource       : HikariPool-1 - Starting...
2023-04-26 15:25:16.166  WARN 13924 --- [main] com.zaxxer.hikari.util.DriverDataSource  : Registered driver with driverClassName=oracle.jdbc.driver.OracleDriver was not found, trying direct instantiation.
2023-04-26 15:25:16.635  INFO 13924 --- [main] com.zaxxer.hikari.HikariDataSource       : HikariPool-1 - Start completed.
2023-04-26 15:25:17.175  INFO 13924 --- [main] o.s.s.web.DefaultSecurityFilterChain     : Will secure any request with [org.springframework.security.web.session.DisableEncodeUrlFilter@294f9d50, org.springframework.security.web.context.request.async.WebAsyncManagerIntegrationFilter@27443560, org.springframework.security.web.context.SecurityContextPersistenceFilter@650c405c, org.springframework.security.web.header.HeaderWriterFilter@7ec95456, org.springframework.security.web.csrf.CsrfFilter@7ddd84b5, org.springframework.security.web.authentication.logout.LogoutFilter@4c6b4ed7, org.springframework.security.web.authentication.UsernamePasswordAuthenticationFilter@3c0e00a8, org.springframework.security.web.authentication.ui.DefaultLoginPageGeneratingFilter@70f68288, org.springframework.security.web.authentication.ui.DefaultLogoutPageGeneratingFilter@3ddb774f, org.springframework.security.web.authentication.www.BasicAuthenticationFilter@f0020b1, org.springframework.security.web.savedrequest.RequestCacheAwareFilter@748ac6f3, org.springframework.security.web.servletapi.SecurityContextHolderAwareRequestFilter@6fff46bf, org.springframework.security.web.authentication.AnonymousAuthenticationFilter@2582b0ef, org.springframework.security.web.session.SessionManagementFilter@1d8b0500, org.springframework.security.web.access.ExceptionTranslationFilter@1e1eeedd, org.springframework.security.web.access.intercept.FilterSecurityInterceptor@787508ca]
2023-04-26 15:25:17.272  INFO 13924 --- [main] gOracleJdbcTemplateSlf4jApplicationTests : Started SpringOracleJdbcTemplateSlf4jApplicationTests in 3.353 seconds (JVM running for 4.522)
2023-04-26 15:25:18.298  INFO 13924 --- [main] bank.project.dao.BankService             : updated
2023-04-26 15:25:18.339  INFO 13924 --- [main] bank.project.dao.BankService             : GetByUsername  ashleyCustomer(customer_id=100, customer_name=ash, customer_address=magadi, customer_status=XYZ Road,ABC Street,122, customer_contact=4567890, username=ashley, password=pass, failed_attempts=0)
2023-04-26 15:25:18.348  INFO 13924 --- [main] bank.project.dao.BankService             :  Get by username 
2023-04-26 15:25:18.411  INFO 13924 --- [SpringApplicationShutdownHook] com.zaxxer.hikari.HikariDataSource       : HikariPool-1 - Shutdown initiated...
2023-04-26 15:25:18.419  INFO 13924 --- [SpringApplicationShutdownHook] com.zaxxer.hikari.HikariDataSource       : HikariPool-1 - Shutdown completed.
