2023-04-18 00:02:57.159  INFO 14292 --- [http-nio-8082-exec-9] bank.project.dao.Customer                :  Get by username 
2023-04-18 00:02:57.186  INFO 14292 --- [http-nio-8082-exec-9] bank.project.app.PayeeEndpoints          : service.bank.soap.ListPayeeResponse@1a542138
2023-04-18 11:47:23.961  INFO 15088 --- [restartedMain] bank.project.app.AppApplication          : Starting AppApplication using Java 1.8.0_292 on WPG02VBF6 with PID 15088 (C:\DLTE-FULL-STACK-DEVELOPMENT\FINAL_INTERNSHIP\backend\app\target\classes started by xxbssssa in C:\DLTE-FULL-STACK-DEVELOPMENT\FINAL_INTERNSHIP\backend\app)
2023-04-18 11:47:23.998  INFO 15088 --- [restartedMain] bank.project.app.AppApplication          : No active profile set, falling back to 1 default profile: "default"
2023-04-18 11:47:24.040  INFO 15088 --- [restartedMain] o.s.b.devtools.restart.ChangeableUrls    : The Class-Path manifest attribute in C:\Users\xxbssssa\.m2\repository\com\oracle\database\jdbc\ojdbc8\21.5.0.0\ojdbc8-21.5.0.0.jar referenced one or more files that do not exist: file:/C:/Users/xxbssssa/.m2/repository/com/oracle/database/jdbc/ojdbc8/21.5.0.0/oraclepki.jar
2023-04-18 11:47:24.040  INFO 15088 --- [restartedMain] .e.DevToolsPropertyDefaultsPostProcessor : Devtools property defaults active! Set 'spring.devtools.add-properties' to 'false' to disable
2023-04-18 11:47:24.040  INFO 15088 --- [restartedMain] .e.DevToolsPropertyDefaultsPostProcessor : For additional web related logging consider setting the 'logging.level.web' property to 'DEBUG'
2023-04-18 11:47:24.673  INFO 15088 --- [restartedMain] .s.d.r.c.RepositoryConfigurationDelegate : Bootstrapping Spring Data JDBC repositories in DEFAULT mode.
2023-04-18 11:47:24.688  INFO 15088 --- [restartedMain] .s.d.r.c.RepositoryConfigurationDelegate : Finished Spring Data repository scanning in 8 ms. Found 0 JDBC repository interfaces.
2023-04-18 11:47:24.894  INFO 15088 --- [restartedMain] trationDelegate$BeanPostProcessorChecker : Bean 'payeeConfiguration' of type [bank.project.app.PayeeConfiguration$$EnhancerBySpringCGLIB$$78ddbb04] is not eligible for getting processed by all BeanPostProcessors (for example: not eligible for auto-proxying)
2023-04-18 11:47:24.894  INFO 15088 --- [restartedMain] trationDelegate$BeanPostProcessorChecker : Bean 'org.springframework.ws.config.annotation.DelegatingWsConfiguration' of type [org.springframework.ws.config.annotation.DelegatingWsConfiguration$$EnhancerBySpringCGLIB$$59926e5c] is not eligible for getting processed by all BeanPostProcessors (for example: not eligible for auto-proxying)
2023-04-18 11:47:24.941  INFO 15088 --- [restartedMain] .w.s.a.s.AnnotationActionEndpointMapping : Supporting [WS-Addressing August 2004, WS-Addressing 1.0]
2023-04-18 11:47:25.243  INFO 15088 --- [restartedMain] o.s.b.w.embedded.tomcat.TomcatWebServer  : Tomcat initialized with port(s): 8082 (http)
2023-04-18 11:47:25.244  INFO 15088 --- [restartedMain] o.apache.catalina.core.StandardService   : Starting service [Tomcat]
2023-04-18 11:47:25.244  INFO 15088 --- [restartedMain] org.apache.catalina.core.StandardEngine  : Starting Servlet engine: [Apache Tomcat/9.0.73]
2023-04-18 11:47:25.306  INFO 15088 --- [restartedMain] o.a.c.c.C.[Tomcat].[localhost].[/]       : Initializing Spring embedded WebApplicationContext
2023-04-18 11:47:25.306  INFO 15088 --- [restartedMain] w.s.c.ServletWebServerApplicationContext : Root WebApplicationContext: initialization completed in 1266 ms
2023-04-18 11:47:25.726  INFO 15088 --- [restartedMain] o.s.b.a.w.s.WelcomePageHandlerMapping    : Adding welcome page template: index
2023-04-18 11:47:25.842  INFO 15088 --- [restartedMain] com.zaxxer.hikari.HikariDataSource       : HikariPool-1 - Starting...
2023-04-18 11:47:25.842  WARN 15088 --- [restartedMain] com.zaxxer.hikari.util.DriverDataSource  : Registered driver with driverClassName=oracle.jdbc.driver.OracleDriver was not found, trying direct instantiation.
2023-04-18 11:47:26.158  INFO 15088 --- [restartedMain] com.zaxxer.hikari.HikariDataSource       : HikariPool-1 - Start completed.
2023-04-18 11:47:26.273  INFO 15088 --- [restartedMain] o.s.b.d.a.OptionalLiveReloadServer       : LiveReload server is running on port 35729
2023-04-18 11:47:26.312  INFO 15088 --- [restartedMain] o.s.b.w.embedded.tomcat.TomcatWebServer  : Tomcat started on port(s): 8082 (http) with context path ''
2023-04-18 11:47:26.322  INFO 15088 --- [restartedMain] bank.project.app.AppApplication          : Started AppApplication in 2.722 seconds (JVM running for 3.615)
2023-04-18 11:47:46.827  INFO 15088 --- [http-nio-8082-exec-1] o.a.c.c.C.[Tomcat].[localhost].[/]       : Initializing Spring DispatcherServlet 'dispatcherServlet'
2023-04-18 11:47:46.827  INFO 15088 --- [http-nio-8082-exec-1] o.s.web.servlet.DispatcherServlet        : Initializing Servlet 'dispatcherServlet'
2023-04-18 11:47:46.834  INFO 15088 --- [http-nio-8082-exec-1] o.s.web.servlet.DispatcherServlet        : Completed initialization in 7 ms
2023-04-18 11:48:10.264  INFO 15088 --- [http-nio-8082-exec-6] bank.project.dao.Customer                : Entered sample function
2023-04-18 11:48:10.563  INFO 15088 --- [http-nio-8082-exec-6] bank.project.dao.Customer                : active
2023-04-18 11:48:10.779  INFO 15088 --- [http-nio-8082-exec-9] o.a.c.c.C.[Tomcat].[localhost].[/]       : Initializing Spring MessageDispatcherServlet 'messageDispatcherServlet'
2023-04-18 11:48:10.780  INFO 15088 --- [http-nio-8082-exec-9] o.s.w.t.http.MessageDispatcherServlet    : Initializing Servlet 'messageDispatcherServlet'
2023-04-18 11:48:10.786  INFO 15088 --- [http-nio-8082-exec-9] o.s.ws.soap.saaj.SaajSoapMessageFactory  : Creating SAAJ 1.3 MessageFactory with SOAP 1.1 Protocol
2023-04-18 11:48:10.802  INFO 15088 --- [http-nio-8082-exec-9] o.s.w.t.http.MessageDispatcherServlet    : Completed initialization in 22 ms
2023-04-18 11:48:11.028  INFO 15088 --- [http-nio-8082-exec-9] bank.project.dao.Customer                :  Get by username 
2023-04-18 11:48:11.044  INFO 15088 --- [http-nio-8082-exec-9] bank.project.app.PayeeEndpoints          : service.bank.soap.ListPayeeResponse@7090b4d4
2023-04-18 11:48:55.515  INFO 15088 --- [http-nio-8082-exec-8] bank.project.dao.Customer                : Entered sample function
2023-04-18 11:48:55.526  INFO 15088 --- [http-nio-8082-exec-8] bank.project.dao.Customer                : active
2023-04-18 11:48:55.597  INFO 15088 --- [http-nio-8082-exec-1] bank.project.dao.Customer                :  Get by username 
2023-04-18 11:48:55.600  INFO 15088 --- [http-nio-8082-exec-1] bank.project.app.PayeeEndpoints          : service.bank.soap.ListPayeeResponse@74ab384e
2023-04-18 11:49:24.411  INFO 15088 --- [http-nio-8082-exec-2] bank.project.dao.Customer                :  Get by username 
2023-04-18 11:49:24.451  INFO 15088 --- [http-nio-8082-exec-2] bank.project.app.PayeeEndpoints          : service.bank.soap.ListPayeeResponse@6126c814
2023-04-18 11:49:28.301  INFO 15088 --- [http-nio-8082-exec-3] bank.project.dao.Customer                : Entered sample function
2023-04-18 11:49:28.301  INFO 15088 --- [http-nio-8082-exec-3] bank.project.dao.Customer                : active
2023-04-18 11:49:28.364  INFO 15088 --- [http-nio-8082-exec-8] bank.project.dao.Customer                :  Get by username 
2023-04-18 11:49:28.366  INFO 15088 --- [http-nio-8082-exec-8] bank.project.app.PayeeEndpoints          : service.bank.soap.ListPayeeResponse@3d58f21b
2023-04-18 11:50:39.781  INFO 15088 --- [http-nio-8082-exec-1] bank.project.dao.Customer                : Entered sample function
2023-04-18 11:50:39.785  INFO 15088 --- [http-nio-8082-exec-1] bank.project.dao.Customer                : active
2023-04-18 11:50:39.844  INFO 15088 --- [http-nio-8082-exec-2] bank.project.dao.Customer                :  Get by username 
2023-04-18 11:50:39.844  INFO 15088 --- [http-nio-8082-exec-2] bank.project.app.PayeeEndpoints          : service.bank.soap.ListPayeeResponse@5cf7d451
2023-04-18 11:50:42.053  INFO 15088 --- [http-nio-8082-exec-7] bank.project.dao.Customer                :  Get by username 
2023-04-18 11:50:42.062  INFO 15088 --- [http-nio-8082-exec-7] bank.project.app.PayeeEndpoints          : service.bank.soap.ListPayeeResponse@711e0466
2023-04-18 11:51:17.662  INFO 15088 --- [http-nio-8082-exec-1] bank.project.dao.Customer                : Entered sample function
2023-04-18 11:51:17.677  INFO 15088 --- [http-nio-8082-exec-1] bank.project.dao.Customer                : active
2023-04-18 11:51:17.865  INFO 15088 --- [http-nio-8082-exec-2] bank.project.dao.Customer                :  Get by username 
2023-04-18 11:51:17.865  INFO 15088 --- [http-nio-8082-exec-2] bank.project.app.PayeeEndpoints          : service.bank.soap.ListPayeeResponse@3d389777
2023-04-18 11:51:58.730  INFO 15088 --- [http-nio-8082-exec-6] bank.project.dao.Customer                : Entered sample function
2023-04-18 11:51:58.730  INFO 15088 --- [http-nio-8082-exec-6] bank.project.dao.Customer                : active
2023-04-18 11:51:58.795  INFO 15088 --- [http-nio-8082-exec-9] bank.project.dao.Customer                :  Get by username 
2023-04-18 11:51:58.805  INFO 15088 --- [http-nio-8082-exec-9] bank.project.app.PayeeEndpoints          : service.bank.soap.ListPayeeResponse@7a8a5cdf
2023-04-18 11:53:40.114  INFO 15088 --- [http-nio-8082-exec-5] bank.project.dao.Customer                : Entered sample function
2023-04-18 11:53:40.122  INFO 15088 --- [http-nio-8082-exec-5] bank.project.dao.Customer                : active
2023-04-18 11:53:40.190  INFO 15088 --- [http-nio-8082-exec-3] bank.project.dao.Customer                :  Get by username 
2023-04-18 11:53:40.190  INFO 15088 --- [http-nio-8082-exec-3] bank.project.app.PayeeEndpoints          : service.bank.soap.ListPayeeResponse@2b3566da
2023-04-18 11:53:51.046  INFO 15088 --- [http-nio-8082-exec-6] bank.project.dao.Customer                : Entered sample function
2023-04-18 11:53:51.055  INFO 15088 --- [http-nio-8082-exec-6] bank.project.dao.Customer                : active
2023-04-18 11:53:51.110  INFO 15088 --- [http-nio-8082-exec-9] bank.project.dao.Customer                :  Get by username 
2023-04-18 11:53:51.113  INFO 15088 --- [http-nio-8082-exec-9] bank.project.app.PayeeEndpoints          : service.bank.soap.ListPayeeResponse@6b08b27
2023-04-18 11:55:57.141  INFO 15088 --- [http-nio-8082-exec-5] bank.project.dao.Customer                : Entered sample function
2023-04-18 11:55:57.143  INFO 15088 --- [http-nio-8082-exec-5] bank.project.dao.Customer                : active
2023-04-18 11:55:57.238  INFO 15088 --- [http-nio-8082-exec-3] bank.project.dao.Customer                :  Get by username 
2023-04-18 11:55:57.244  INFO 15088 --- [http-nio-8082-exec-3] bank.project.app.PayeeEndpoints          : service.bank.soap.ListPayeeResponse@60be22b9
2023-04-18 11:58:55.399  INFO 12064 --- [restartedMain] bank.project.app.AppApplication          : Starting AppApplication using Java 1.8.0_292 on WPG02VBF6 with PID 12064 (C:\DLTE-FULL-STACK-DEVELOPMENT\FINAL_INTERNSHIP\backend\app\target\classes started by xxbssssa in C:\DLTE-FULL-STACK-DEVELOPMENT\FINAL_INTERNSHIP\backend\app)
2023-04-18 11:58:55.415  INFO 12064 --- [restartedMain] bank.project.app.AppApplication          : No active profile set, falling back to 1 default profile: "default"
2023-04-18 11:58:55.452  INFO 12064 --- [restartedMain] o.s.b.devtools.restart.ChangeableUrls    : The Class-Path manifest attribute in C:\Users\xxbssssa\.m2\repository\com\oracle\database\jdbc\ojdbc8\21.5.0.0\ojdbc8-21.5.0.0.jar referenced one or more files that do not exist: file:/C:/Users/xxbssssa/.m2/repository/com/oracle/database/jdbc/ojdbc8/21.5.0.0/oraclepki.jar
2023-04-18 11:58:55.452  INFO 12064 --- [restartedMain] .e.DevToolsPropertyDefaultsPostProcessor : Devtools property defaults active! Set 'spring.devtools.add-properties' to 'false' to disable
2023-04-18 11:58:55.452  INFO 12064 --- [restartedMain] .e.DevToolsPropertyDefaultsPostProcessor : For additional web related logging consider setting the 'logging.level.web' property to 'DEBUG'
2023-04-18 11:58:56.063  INFO 12064 --- [restartedMain] .s.d.r.c.RepositoryConfigurationDelegate : Bootstrapping Spring Data JDBC repositories in DEFAULT mode.
2023-04-18 11:58:56.078  INFO 12064 --- [restartedMain] .s.d.r.c.RepositoryConfigurationDelegate : Finished Spring Data repository scanning in 5 ms. Found 0 JDBC repository interfaces.
2023-04-18 11:58:56.237  INFO 12064 --- [restartedMain] trationDelegate$BeanPostProcessorChecker : Bean 'payeeConfiguration' of type [bank.project.app.PayeeConfiguration$$EnhancerBySpringCGLIB$$8ae5ef5a] is not eligible for getting processed by all BeanPostProcessors (for example: not eligible for auto-proxying)
2023-04-18 11:58:56.237  INFO 12064 --- [restartedMain] trationDelegate$BeanPostProcessorChecker : Bean 'org.springframework.ws.config.annotation.DelegatingWsConfiguration' of type [org.springframework.ws.config.annotation.DelegatingWsConfiguration$$EnhancerBySpringCGLIB$$6b9aa2b2] is not eligible for getting processed by all BeanPostProcessors (for example: not eligible for auto-proxying)
2023-04-18 11:58:56.268  INFO 12064 --- [restartedMain] .w.s.a.s.AnnotationActionEndpointMapping : Supporting [WS-Addressing August 2004, WS-Addressing 1.0]
2023-04-18 11:58:56.506  INFO 12064 --- [restartedMain] o.s.b.w.embedded.tomcat.TomcatWebServer  : Tomcat initialized with port(s): 8082 (http)
2023-04-18 11:58:56.521  INFO 12064 --- [restartedMain] o.apache.catalina.core.StandardService   : Starting service [Tomcat]
2023-04-18 11:58:56.521  INFO 12064 --- [restartedMain] org.apache.catalina.core.StandardEngine  : Starting Servlet engine: [Apache Tomcat/9.0.73]
2023-04-18 11:58:56.579  INFO 12064 --- [restartedMain] o.a.c.c.C.[Tomcat].[localhost].[/]       : Initializing Spring embedded WebApplicationContext
2023-04-18 11:58:56.580  INFO 12064 --- [restartedMain] w.s.c.ServletWebServerApplicationContext : Root WebApplicationContext: initialization completed in 1127 ms
2023-04-18 11:58:56.955  INFO 12064 --- [restartedMain] o.s.b.a.w.s.WelcomePageHandlerMapping    : Adding welcome page template: index
2023-04-18 11:58:57.076  INFO 12064 --- [restartedMain] com.zaxxer.hikari.HikariDataSource       : HikariPool-1 - Starting...
2023-04-18 11:58:57.076  WARN 12064 --- [restartedMain] com.zaxxer.hikari.util.DriverDataSource  : Registered driver with driverClassName=oracle.jdbc.driver.OracleDriver was not found, trying direct instantiation.
2023-04-18 11:58:57.329  INFO 12064 --- [restartedMain] com.zaxxer.hikari.HikariDataSource       : HikariPool-1 - Start completed.
2023-04-18 11:58:57.424  INFO 12064 --- [restartedMain] o.s.b.d.a.OptionalLiveReloadServer       : LiveReload server is running on port 35729
2023-04-18 11:58:57.457  INFO 12064 --- [restartedMain] o.s.b.w.embedded.tomcat.TomcatWebServer  : Tomcat started on port(s): 8082 (http) with context path ''
2023-04-18 11:58:57.471  INFO 12064 --- [restartedMain] bank.project.app.AppApplication          : Started AppApplication in 2.426 seconds (JVM running for 4.521)
2023-04-18 11:59:16.181  INFO 12064 --- [http-nio-8082-exec-2] o.a.c.c.C.[Tomcat].[localhost].[/]       : Initializing Spring DispatcherServlet 'dispatcherServlet'
2023-04-18 11:59:16.181  INFO 12064 --- [http-nio-8082-exec-2] o.s.web.servlet.DispatcherServlet        : Initializing Servlet 'dispatcherServlet'
2023-04-18 11:59:16.181  INFO 12064 --- [http-nio-8082-exec-2] o.s.web.servlet.DispatcherServlet        : Completed initialization in 0 ms
2023-04-18 11:59:16.213  INFO 12064 --- [http-nio-8082-exec-2] bank.project.dao.Customer                : Entered sample function
2023-04-18 11:59:16.339  INFO 12064 --- [http-nio-8082-exec-2] bank.project.dao.Customer                : active
2023-04-18 11:59:16.645  INFO 12064 --- [http-nio-8082-exec-3] o.a.c.c.C.[Tomcat].[localhost].[/]       : Initializing Spring MessageDispatcherServlet 'messageDispatcherServlet'
2023-04-18 11:59:16.645  INFO 12064 --- [http-nio-8082-exec-3] o.s.w.t.http.MessageDispatcherServlet    : Initializing Servlet 'messageDispatcherServlet'
2023-04-18 11:59:16.645  INFO 12064 --- [http-nio-8082-exec-3] o.s.ws.soap.saaj.SaajSoapMessageFactory  : Creating SAAJ 1.3 MessageFactory with SOAP 1.1 Protocol
2023-04-18 11:59:16.657  INFO 12064 --- [http-nio-8082-exec-3] o.s.w.t.http.MessageDispatcherServlet    : Completed initialization in 12 ms
2023-04-18 11:59:16.783  INFO 12064 --- [http-nio-8082-exec-3] bank.project.dao.Customer                :  Get by username 
2023-04-18 11:59:16.799  INFO 12064 --- [http-nio-8082-exec-3] bank.project.app.PayeeEndpoints          : service.bank.soap.ListPayeeResponse@1289d226
2023-04-18 11:59:20.277  INFO 12064 --- [http-nio-8082-exec-8] bank.project.dao.Customer                :  Get by username 
2023-04-18 11:59:20.283  INFO 12064 --- [http-nio-8082-exec-8] bank.project.app.PayeeEndpoints          : service.bank.soap.ListPayeeResponse@370d90c
2023-04-18 11:59:21.394  INFO 12064 --- [http-nio-8082-exec-10] bank.project.dao.Customer                :  Get by username 
2023-04-18 11:59:21.402  INFO 12064 --- [http-nio-8082-exec-10] bank.project.app.PayeeEndpoints          : service.bank.soap.ListPayeeResponse@421b8371
2023-04-18 11:59:21.595  INFO 12064 --- [http-nio-8082-exec-9] bank.project.dao.Customer                :  Get by username 
2023-04-18 11:59:21.595  INFO 12064 --- [http-nio-8082-exec-9] bank.project.app.PayeeEndpoints          : service.bank.soap.ListPayeeResponse@32fc87dc
2023-04-18 11:59:21.745  INFO 12064 --- [http-nio-8082-exec-6] bank.project.dao.Customer                :  Get by username 
2023-04-18 11:59:21.748  INFO 12064 --- [http-nio-8082-exec-6] bank.project.app.PayeeEndpoints          : service.bank.soap.ListPayeeResponse@5081a08
2023-04-18 11:59:21.900  INFO 12064 --- [http-nio-8082-exec-4] bank.project.dao.Customer                :  Get by username 
2023-04-18 11:59:21.900  INFO 12064 --- [http-nio-8082-exec-4] bank.project.app.PayeeEndpoints          : service.bank.soap.ListPayeeResponse@54647e1b
2023-04-18 11:59:22.068  INFO 12064 --- [http-nio-8082-exec-1] bank.project.dao.Customer                :  Get by username 
2023-04-18 11:59:22.076  INFO 12064 --- [http-nio-8082-exec-1] bank.project.app.PayeeEndpoints          : service.bank.soap.ListPayeeResponse@16a62c6f
2023-04-18 11:59:22.212  INFO 12064 --- [http-nio-8082-exec-5] bank.project.dao.Customer                :  Get by username 
2023-04-18 11:59:22.212  INFO 12064 --- [http-nio-8082-exec-5] bank.project.app.PayeeEndpoints          : service.bank.soap.ListPayeeResponse@61bdab45
2023-04-18 11:59:22.370  INFO 12064 --- [http-nio-8082-exec-7] bank.project.dao.Customer                :  Get by username 
2023-04-18 11:59:22.378  INFO 12064 --- [http-nio-8082-exec-7] bank.project.app.PayeeEndpoints          : service.bank.soap.ListPayeeResponse@7396e403
2023-04-18 11:59:22.533  INFO 12064 --- [http-nio-8082-exec-2] bank.project.dao.Customer                :  Get by username 
2023-04-18 11:59:22.542  INFO 12064 --- [http-nio-8082-exec-2] bank.project.app.PayeeEndpoints          : service.bank.soap.ListPayeeResponse@4956742b
2023-04-18 11:59:22.705  INFO 12064 --- [http-nio-8082-exec-3] bank.project.dao.Customer                :  Get by username 
2023-04-18 11:59:22.710  INFO 12064 --- [http-nio-8082-exec-3] bank.project.app.PayeeEndpoints          : service.bank.soap.ListPayeeResponse@6e6030cf
2023-04-18 11:59:22.844  INFO 12064 --- [http-nio-8082-exec-8] bank.project.dao.Customer                :  Get by username 
2023-04-18 11:59:22.844  INFO 12064 --- [http-nio-8082-exec-8] bank.project.app.PayeeEndpoints          : service.bank.soap.ListPayeeResponse@e1a82e7
2023-04-18 11:59:22.994  INFO 12064 --- [http-nio-8082-exec-10] bank.project.dao.Customer                :  Get by username 
2023-04-18 11:59:22.994  INFO 12064 --- [http-nio-8082-exec-10] bank.project.app.PayeeEndpoints          : service.bank.soap.ListPayeeResponse@54d2d90c
2023-04-18 11:59:23.165  INFO 12064 --- [http-nio-8082-exec-9] bank.project.dao.Customer                :  Get by username 
2023-04-18 11:59:23.173  INFO 12064 --- [http-nio-8082-exec-9] bank.project.app.PayeeEndpoints          : service.bank.soap.ListPayeeResponse@1912657
2023-04-18 11:59:23.379  INFO 12064 --- [http-nio-8082-exec-6] bank.project.dao.Customer                :  Get by username 
2023-04-18 11:59:23.382  INFO 12064 --- [http-nio-8082-exec-6] bank.project.app.PayeeEndpoints          : service.bank.soap.ListPayeeResponse@4842dacf
2023-04-18 11:59:23.534  INFO 12064 --- [http-nio-8082-exec-4] bank.project.dao.Customer                :  Get by username 
2023-04-18 11:59:23.543  INFO 12064 --- [http-nio-8082-exec-4] bank.project.app.PayeeEndpoints          : service.bank.soap.ListPayeeResponse@54ab6458
2023-04-18 11:59:23.713  INFO 12064 --- [http-nio-8082-exec-1] bank.project.dao.Customer                :  Get by username 
2023-04-18 11:59:23.716  INFO 12064 --- [http-nio-8082-exec-1] bank.project.app.PayeeEndpoints          : service.bank.soap.ListPayeeResponse@b268567
2023-04-18 11:59:23.881  INFO 12064 --- [http-nio-8082-exec-5] bank.project.dao.Customer                :  Get by username 
2023-04-18 11:59:23.881  INFO 12064 --- [http-nio-8082-exec-5] bank.project.app.PayeeEndpoints          : service.bank.soap.ListPayeeResponse@36fbb65a
2023-04-18 11:59:24.056  INFO 12064 --- [http-nio-8082-exec-7] bank.project.dao.Customer                :  Get by username 
2023-04-18 11:59:24.059  INFO 12064 --- [http-nio-8082-exec-7] bank.project.app.PayeeEndpoints          : service.bank.soap.ListPayeeResponse@56bb8b5a
2023-04-18 11:59:24.223  INFO 12064 --- [http-nio-8082-exec-2] bank.project.dao.Customer                :  Get by username 
2023-04-18 11:59:24.229  INFO 12064 --- [http-nio-8082-exec-2] bank.project.app.PayeeEndpoints          : service.bank.soap.ListPayeeResponse@1fc741b8
2023-04-18 11:59:24.379  INFO 12064 --- [http-nio-8082-exec-3] bank.project.dao.Customer                :  Get by username 
2023-04-18 11:59:24.379  INFO 12064 --- [http-nio-8082-exec-3] bank.project.app.PayeeEndpoints          : service.bank.soap.ListPayeeResponse@5fb85e4e
2023-04-18 11:59:24.597  INFO 12064 --- [http-nio-8082-exec-8] bank.project.dao.Customer                :  Get by username 
2023-04-18 11:59:24.598  INFO 12064 --- [http-nio-8082-exec-8] bank.project.app.PayeeEndpoints          : service.bank.soap.ListPayeeResponse@69ae0fda
2023-04-18 11:59:24.783  INFO 12064 --- [http-nio-8082-exec-10] bank.project.dao.Customer                :  Get by username 
2023-04-18 11:59:24.783  INFO 12064 --- [http-nio-8082-exec-10] bank.project.app.PayeeEndpoints          : service.bank.soap.ListPayeeResponse@674769a5
2023-04-18 11:59:53.865  INFO 12064 --- [http-nio-8082-exec-9] bank.project.dao.Customer                :  Get by username 
2023-04-18 11:59:53.873  INFO 12064 --- [http-nio-8082-exec-9] bank.project.app.PayeeEndpoints          : service.bank.soap.ListPayeeResponse@17c90a41
2023-04-18 12:00:29.247  INFO 12064 --- [http-nio-8082-exec-8] bank.project.dao.Customer                : trying to update
2023-04-18 12:00:29.248  INFO 12064 --- [http-nio-8082-exec-8] bank.project.dao.Customer                : updated
2023-04-18 12:00:29.297  INFO 12064 --- [http-nio-8082-exec-10] bank.project.dao.Customer                :  Get by username 
2023-04-18 12:00:29.297  INFO 12064 --- [http-nio-8082-exec-10] bank.project.app.PayeeEndpoints          : service.bank.soap.ListPayeeResponse@163d9d0f
2023-04-18 12:00:32.618  INFO 12064 --- [http-nio-8082-exec-9] bank.project.dao.Customer                :  Get by username 
2023-04-18 12:00:32.619  INFO 12064 --- [http-nio-8082-exec-9] bank.project.app.PayeeEndpoints          : service.bank.soap.ListPayeeResponse@3c361cc0
2023-04-18 12:02:46.779  INFO 12064 --- [http-nio-8082-exec-5] bank.project.dao.Customer                : Entered sample function
2023-04-18 12:02:46.782  INFO 12064 --- [http-nio-8082-exec-5] bank.project.dao.Customer                : active
2023-04-18 12:02:46.854  INFO 12064 --- [http-nio-8082-exec-8] bank.project.dao.Customer                :  Get by username 
2023-04-18 12:02:46.854  INFO 12064 --- [http-nio-8082-exec-8] bank.project.app.PayeeEndpoints          : service.bank.soap.ListPayeeResponse@50f687eb
2023-04-18 12:04:30.316  INFO 12064 --- [http-nio-8082-exec-3] bank.project.dao.Customer                : trying to update
2023-04-18 12:04:30.317  INFO 12064 --- [http-nio-8082-exec-3] bank.project.dao.Customer                : updated
2023-04-18 12:04:30.361  INFO 12064 --- [http-nio-8082-exec-7] bank.project.dao.Customer                :  Get by username 
2023-04-18 12:04:30.361  INFO 12064 --- [http-nio-8082-exec-7] bank.project.app.PayeeEndpoints          : service.bank.soap.ListPayeeResponse@1aa08057
